<?xml version="1.0" encoding="UTF-8"?>
<testng-results ignored="0" total="4" passed="4" failed="0" skipped="0">
  <reporter-output>
  </reporter-output>
  <suite started-at="2023-12-13T06:17:58 IST" name="MyTestSuite" finished-at="2023-12-13T06:17:58 IST" duration-ms="24">
    <groups>
    </groups>
    <test started-at="2023-12-13T06:17:58 IST" name="MyTestClass" finished-at="2023-12-13T06:17:58 IST" duration-ms="24">
      <class name="com.mycompany.app.AppTest">
        <test-method signature="testAdd()[pri:0, instance:com.mycompany.app.AppTest@780cb77]" started-at="2023-12-13T06:17:58 IST" name="testAdd" finished-at="2023-12-13T06:17:58 IST" duration-ms="5" status="PASS">
          <reporter-output>
          </reporter-output>
        </test-method> <!-- testAdd -->
        <test-method signature="testDiv()[pri:0, instance:com.mycompany.app.AppTest@780cb77]" started-at="2023-12-13T06:17:58 IST" name="testDiv" finished-at="2023-12-13T06:17:58 IST" duration-ms="0" status="PASS">
          <reporter-output>
          </reporter-output>
        </test-method> <!-- testDiv -->
        <test-method signature="testSub()[pri:0, instance:com.mycompany.app.AppTest@780cb77]" started-at="2023-12-13T06:17:58 IST" name="testSub" finished-at="2023-12-13T06:17:58 IST" duration-ms="0" status="PASS">
          <reporter-output>
          </reporter-output>
        </test-method> <!-- testSub -->
        <test-method signature="testMul()[pri:0, instance:com.mycompany.app.AppTest@780cb77]" started-at="2023-12-13T06:17:58 IST" name="testMul" finished-at="2023-12-13T06:17:58 IST" duration-ms="0" status="PASS">
          <reporter-output>
          </reporter-output>
        </test-method> <!-- testMul -->
      </class> <!-- com.mycompany.app.AppTest -->
    </test> <!-- MyTestClass -->
  </suite> <!-- MyTestSuite -->
</testng-results>
