<?xml version="1.0" encoding="UTF-8"?>
<!-- Generated by org.testng.reporters.JUnitXMLReporter -->
<testsuite ignored="0" hostname="W1182K0BK3" failures="0" tests="4" name="MyTestClass" time="0.024" errors="0" timestamp="2023-12-13T06:17:58 IST">
  <testcase classname="com.mycompany.app.AppTest" name="testAdd" time="0.005"/>
  <testcase classname="com.mycompany.app.AppTest" name="testDiv" time="0.0"/>
  <testcase classname="com.mycompany.app.AppTest" name="testMul" time="0.0"/>
  <testcase classname="com.mycompany.app.AppTest" name="testSub" time="0.0"/>
</testsuite> <!-- MyTestClass -->
